# JRE version: OpenJDK Runtime Environment Temurin-17.0.12+7 (17.0.12+7) (build 17.0.12+7)
# Java VM: OpenJDK 64-Bit Server VM Temurin-17.0.12+7 (17.0.12+7, mixed mode, sharing, tiered, compressed oops, compressed class ptrs, g1 gc, windows-amd64)
GC Precious Log:
 CPUs: 4 total, 4 available
 Memory: 7834M
 Large Page Support: Disabled
 NUMA Support: Disabled
 Compressed Oops: Enabled (32-bit)
 Heap Region Size: 1M
 Heap Min Capacity: 8M
 Heap Initial Capacity: 124M
 Heap Max Capacity: 1960M
 Pre-touch: Disabled
 Parallel Workers: 4
 Concurrent Workers: 1
 Concurrent Refinement Workers: 4
 Periodic GC: Disabled
Heap:
 garbage-first heap   total 63488K, used 37130K [0x0000000085800000, 0x0000000100000000)
  region size 1024K, 4 young (4096K), 1 survivors (1024K)
 Metaspace       used 61035K, committed 61568K, reserved 1114112K
  class space    used 7418K, committed 7680K, reserved 1048576K
GC Heap History (20 events):
Event: 10.965 GC heap before
{Heap before GC invocations=12 (full 0):
 garbage-first heap   total 61440K, used 47089K [0x0000000085800000, 0x0000000100000000)
  region size 1024K, 24 young (24576K), 3 survivors (3072K)
 Metaspace       used 43281K, committed 43712K, reserved 1114112K
  class space    used 5617K, committed 5824K, reserved 1048576K
}
Event: 10.971 GC heap after
{Heap after GC invocations=13 (full 0):
 garbage-first heap   total 61440K, used 27786K [0x0000000085800000, 0x0000000100000000)
  region size 1024K, 3 young (3072K), 3 survivors (3072K)
 Metaspace       used 43281K, committed 43712K, reserved 1114112K
  class space    used 5617K, committed 5824K, reserved 1048576K
}
Event: 15.102 GC heap before
{Heap before GC invocations=13 (full 0):
 garbage-first heap   total 61440K, used 47242K [0x0000000085800000, 0x0000000100000000)
  region size 1024K, 22 young (22528K), 3 survivors (3072K)
 Metaspace       used 46874K, committed 47296K, reserved 1114112K
  class space    used 6116K, committed 6336K, reserved 1048576K
}
Event: 15.117 GC heap after
{Heap after GC invocations=14 (full 0):
 garbage-first heap   total 61440K, used 30416K [0x0000000085800000, 0x0000000100000000)
  region size 1024K, 3 young (3072K), 3 survivors (3072K)
 Metaspace       used 46874K, committed 47296K, reserved 1114112K
  class space    used 6116K, committed 6336K, reserved 1048576K
}
Event: 16.415 GC heap before
{Heap before GC invocations=14 (full 0):
 garbage-first heap   total 61440K, used 48848K [0x0000000085800000, 0x0000000100000000)
  region size 1024K, 21 young (21504K), 3 survivors (3072K)
 Metaspace       used 49974K, committed 50496K, reserved 1114112K
  class space    used 6521K, committed 6784K, reserved 1048576K
}
Event: 16.422 GC heap after
{Heap after GC invocations=15 (full 0):
 garbage-first heap   total 61440K, used 33076K [0x0000000085800000, 0x0000000100000000)
  region size 1024K, 3 young (3072K), 3 survivors (3072K)
 Metaspace       used 49974K, committed 50496K, reserved 1114112K
  class space    used 6521K, committed 6784K, reserved 1048576K
}
Event: 17.417 GC heap before
{Heap before GC invocations=15 (full 0):
 garbage-first heap   total 61440K, used 48436K [0x0000000085800000, 0x0000000100000000)
  region size 1024K, 18 young (18432K), 3 survivors (3072K)
 Metaspace       used 54338K, committed 54848K, reserved 1114112K
  class space    used 7001K, committed 7232K, reserved 1048576K
}
Event: 17.421 GC heap after
{Heap after GC invocations=16 (full 0):
 garbage-first heap   total 61440K, used 34671K [0x0000000085800000, 0x0000000100000000)
  region size 1024K, 2 young (2048K), 2 survivors (2048K)
 Metaspace       used 54338K, committed 54848K, reserved 1114112K
  class space    used 7001K, committed 7232K, reserved 1048576K
}
Event: 18.161 GC heap before
{Heap before GC invocations=17 (full 0):
 garbage-first heap   total 63488K, used 46959K [0x0000000085800000, 0x0000000100000000)
  region size 1024K, 15 young (15360K), 2 survivors (2048K)
 Metaspace       used 57754K, committed 58240K, reserved 1114112K
  class space    used 7219K, committed 7488K, reserved 1048576K
}
Event: 18.165 GC heap after
{Heap after GC invocations=18 (full 0):
 garbage-first heap   total 63488K, used 35513K [0x0000000085800000, 0x0000000100000000)
  region size 1024K, 1 young (1024K), 1 survivors (1024K)
 Metaspace       used 57754K, committed 58240K, reserved 1114112K
  class space    used 7219K, committed 7488K, reserved 1048576K
}
Event: 18.318 GC heap before
{Heap before GC invocations=18 (full 0):
 garbage-first heap   total 63488K, used 36537K [0x0000000085800000, 0x0000000100000000)
  region size 1024K, 3 young (3072K), 1 survivors (1024K)
 Metaspace       used 58368K, committed 58816K, reserved 1114112K
  class space    used 7258K, committed 7488K, reserved 1048576K
}
Event: 18.320 GC heap after
{Heap after GC invocations=19 (full 0):
 garbage-first heap   total 63488K, used 35062K [0x0000000085800000, 0x0000000100000000)
  region size 1024K, 1 young (1024K), 1 survivors (1024K)
 Metaspace       used 58368K, committed 58816K, reserved 1114112K
  class space    used 7258K, committed 7488K, reserved 1048576K
}
Event: 85.623 GC heap before
{Heap before GC invocations=19 (full 0):
 garbage-first heap   total 63488K, used 50422K [0x0000000085800000, 0x0000000100000000)
  region size 1024K, 16 young (16384K), 1 survivors (1024K)
 Metaspace       used 60627K, committed 61120K, reserved 1114112K
  class space    used 7415K, committed 7680K, reserved 1048576K
}
Event: 85.630 GC heap after
{Heap after GC invocations=20 (full 0):
 garbage-first heap   total 63488K, used 35356K [0x0000000085800000, 0x0000000100000000)
  region size 1024K, 1 young (1024K), 1 survivors (1024K)
 Metaspace       used 60627K, committed 61120K, reserved 1114112K
  class space    used 7415K, committed 7680K, reserved 1048576K
}
Event: 230.668 GC heap before
{Heap before GC invocations=21 (full 0):
 garbage-first heap   total 63488K, used 50716K [0x0000000085800000, 0x0000000100000000)
  region size 1024K, 16 young (16384K), 1 survivors (1024K)
 Metaspace       used 60929K, committed 61504K, reserved 1114112K
  class space    used 7418K, committed 7680K, reserved 1048576K
}
Event: 230.683 GC heap after
{Heap after GC invocations=22 (full 0):
 garbage-first heap   total 63488K, used 35391K [0x0000000085800000, 0x0000000100000000)
  region size 1024K, 1 young (1024K), 1 survivors (1024K)
 Metaspace       used 60929K, committed 61504K, reserved 1114112K
  class space    used 7418K, committed 7680K, reserved 1048576K
}
Event: 252.506 GC heap before
{Heap before GC invocations=22 (full 0):
 garbage-first heap   total 63488K, used 37439K [0x0000000085800000, 0x0000000100000000)
  region size 1024K, 3 young (3072K), 1 survivors (1024K)
 Metaspace       used 60933K, committed 61504K, reserved 1114112K
  class space    used 7418K, committed 7680K, reserved 1048576K
}
Event: 252.516 GC heap after
{Heap after GC invocations=23 (full 0):
 garbage-first heap   total 63488K, used 35048K [0x0000000085800000, 0x0000000100000000)
  region size 1024K, 1 young (1024K), 1 survivors (1024K)
 Metaspace       used 60933K, committed 61504K, reserved 1114112K
  class space    used 7418K, committed 7680K, reserved 1048576K
}
Event: 429.266 GC heap before
{Heap before GC invocations=23 (full 0):
 garbage-first heap   total 63488K, used 51432K [0x0000000085800000, 0x0000000100000000)
  region size 1024K, 17 young (17408K), 1 survivors (1024K)
 Metaspace       used 61031K, committed 61568K, reserved 1114112K
  class space    used 7418K, committed 7680K, reserved 1048576K
}
Event: 429.297 GC heap after
{Heap after GC invocations=24 (full 0):
 garbage-first heap   total 63488K, used 35082K [0x0000000085800000, 0x0000000100000000)
  region size 1024K, 1 young (1024K), 1 survivors (1024K)
 Metaspace       used 61031K, committed 61568K, reserved 1114112K
  class space    used 7418K, committed 7680K, reserved 1048576K
}

